<?xml version="1.0" encoding="UTF-8"?>
<!-- Generated by org.testng.reporters.JUnitReportReporter -->
<testsuite hostname="DESKTOP-02HTNM8" failures="0" tests="4" name="com.nxtgenai.testng.APIDemo" time="178.628" errors="0" timestamp="2023-02-21T10:58:00 IST" skipped="0">
  <testcase classname="com.nxtgenai.testng.APIDemo" name="launchApplication" time="12.576"/>
  <system-out/>
  <testcase classname="com.nxtgenai.testng.APIDemo" name="handlingRadioButton" time="66.593"/>
  <system-out/>
  <testcase classname="com.nxtgenai.testng.APIDemo" name="handlingCheckBox" time="98.615"/>
  <system-out/>
  <testcase classname="com.nxtgenai.testng.APIDemo" name="closeApplication" time="0.844"/>
  <system-out/>
</testsuite> <!-- com.nxtgenai.testng.APIDemo -->
