<?xml version="1.0" encoding="UTF-8"?>
<!-- Generated by org.testng.reporters.JUnitReportReporter -->
<testsuite hostname="DESKTOP-02HTNM8" failures="0" tests="4" name="com.nxtgenai.testng.APIDemo" time="182.006" errors="0" timestamp="2023-02-21T11:15:39 IST" skipped="0">
  <testcase classname="com.nxtgenai.testng.APIDemo" name="launchApplication" time="11.937"/>
  <system-out/>
  <testcase classname="com.nxtgenai.testng.APIDemo" name="handlingRadioButton" time="67.538"/>
  <system-out/>
  <testcase classname="com.nxtgenai.testng.APIDemo" name="handlingCheckBox" time="101.979"/>
  <system-out/>
  <testcase classname="com.nxtgenai.testng.APIDemo" name="closeApplication" time="0.552"/>
  <system-out/>
</testsuite> <!-- com.nxtgenai.testng.APIDemo -->
